<?xml version="1.0" encoding="UTF-8"?>
<testng-results skipped="0" failed="0" total="1" passed="1">
  <reporter-output>
  </reporter-output>
  <suite name="My test suite" duration-ms="0" started-at="2018-02-08T11:19:11Z" finished-at="2018-02-08T11:19:11Z">
    <groups>
    </groups>
  </suite> <!-- My test suite -->
  <suite name="Locacao Nacional" duration-ms="49353" started-at="2018-02-08T11:18:22Z" finished-at="2018-02-08T11:19:11Z">
    <groups>
    </groups>
    <test name="Locacao Nacional" duration-ms="49353" started-at="2018-02-08T11:18:22Z" finished-at="2018-02-08T11:19:11Z">
      <class name="com.rentcars.site.LocacaoNacional">
        <test-method status="PASS" signature="locacaoNacional()[pri:0, instance:com.rentcars.site.LocacaoNacional@22f71333]" name="locacaoNacional" duration-ms="48149" started-at="2018-02-08T09:18:22Z" finished-at="2018-02-08T09:19:10Z">
          <reporter-output>
          </reporter-output>
        </test-method> <!-- locacaoNacional -->
        <test-method status="PASS" signature="afterTest()[pri:0, instance:com.rentcars.site.LocacaoNacional@22f71333]" name="afterTest" is-config="true" duration-ms="1193" started-at="2018-02-08T09:19:10Z" finished-at="2018-02-08T09:19:11Z">
          <reporter-output>
          </reporter-output>
        </test-method> <!-- afterTest -->
      </class> <!-- com.rentcars.site.LocacaoNacional -->
    </test> <!-- Locacao Nacional -->
  </suite> <!-- Locacao Nacional -->
</testng-results>
